[2020-11-05T11:57:51.064086+01:00] my_logger.INFO: hello [] []
[2020-11-05T11:57:51.064403+01:00] my_logger.INFO: hello [] []
[2020-11-05T11:58:00.879525+01:00] my_logger.INFO: hello [] []
[2020-11-05T11:58:00.880268+01:00] my_logger.INFO: lol [] []
[2020-11-05T12:01:20.261461+01:00] my_logger.INFO: hello [] []
[2020-11-05T12:01:20.261754+01:00] my_logger.INFO: lol [] []
[2020-11-05T12:03:12.556485+01:00] my_logger.INFO: hello [] []
[2020-11-05T12:03:12.556780+01:00] my_logger.INFO: lol [] []
[2020-11-05T12:04:07.945643+01:00] my_logger.INFO: hello [] []
[2020-11-05T12:04:07.946108+01:00] my_logger.INFO: lol [] []
[2020-11-05T12:04:15.639558+01:00] my_logger.INFO: hello [] []
[2020-11-05T12:04:15.639949+01:00] my_logger.INFO: lol [] []
[2020-11-05T12:04:23.052937+01:00] my_logger.INFO: hello [] []
[2020-11-05T12:04:23.053174+01:00] my_logger.INFO: lol [] []
[2020-11-05T12:04:30.795709+01:00] my_logger.INFO: hello [] []
[2020-11-05T12:04:30.796044+01:00] my_logger.INFO: lol [] []
[2020-11-05T12:05:37.531768+01:00] my_logger.INFO: hello [] []
[2020-11-05T12:05:37.532147+01:00] my_logger.INFO: lol [] []
[2020-11-05T12:06:28.663553+01:00] my_logger.INFO: hello [] []
[2020-11-05T12:06:28.663877+01:00] my_logger.INFO: lol [] []
[2020-11-05T12:08:33.952615+01:00] my_logger.INFO: xander [] []
[2020-11-05T12:08:33.952907+01:00] my_logger.INFO: xander [] []
[2020-11-05T12:08:54.294767+01:00] my_logger.INFO: becode [] []
[2020-11-05T12:08:54.295368+01:00] my_logger.INFO: becode [] []
[2020-11-05T12:09:29.950760+01:00] my_logger.INFO: cis [] []
[2020-11-05T12:10:25.010057+01:00] my_logger.EMERGENCY: hahaha [] []
[2020-11-05T12:10:58.854065+01:00] my_logger.EMERGENCY: hellllll [] []
[2020-11-05T12:16:07.611176+01:00] my_logger.EMERGENCY: hellllll [] []
[2020-11-05T12:16:20.370000+01:00] my_logger.EMERGENCY: hellllll [] []
[2020-11-05T12:16:28.479598+01:00] my_logger.EMERGENCY: aaaaaaah [] []
[2020-11-05T12:18:47.865343+01:00] my_logger.EMERGENCY: aaaaaaah [] []
[2020-11-05T12:19:48.978145+01:00] my_logger.EMERGENCY: aaaaaaah [] []
